Processing dataset: dropped_v9_minimal_processing

📥 Loaded 30 datasets.

⚠️ Datasets with NaNs (before cleaning):
 - kept_v3_lemmatized: 1 NaNs removed
 - dropped_v7_lowercase_words_only: 1 NaNs removed
 - dropped_v4_stemmed: 1 NaNs removed
 - dropped_v6_custom_stopwords: 5 NaNs removed
 - prepended_v6_custom_stopwords: 1 NaNs removed
 - prepended_v5_lemma_stem: 1 NaNs removed
 - kept_v6_custom_stopwords: 5 NaNs removed
 - prepended_v9_minimal_processing: 1 NaNs removed
 - kept_v8_keep_hashtags: 1 NaNs removed
 - prepended_v8_keep_hashtags: 1 NaNs removed
 - kept_v7_lowercase_words_only: 1 NaNs removed
 - kept_v1_basic_clean: 1 NaNs removed
 - kept_v2_no_emojis_mentions: 1 NaNs removed
 - prepended_v10_lemma_stem_custom_stopwords: 1 NaNs removed
 - kept_v5_lemma_stem: 1 NaNs removed
 - prepended_v3_lemmatized: 1 NaNs removed
 - dropped_v10_lemma_stem_custom_stopwords: 1 NaNs removed
 - prepended_v2_no_emojis_mentions: 1 NaNs removed
 - dropped_v1_basic_clean: 1 NaNs removed
 - kept_v4_stemmed: 1 NaNs removed
 - dropped_v3_lemmatized: 1 NaNs removed
 - dropped_v2_no_emojis_mentions: 1 NaNs removed
 - kept_v9_minimal_processing: 6 NaNs removed
 - prepended_v7_lowercase_words_only: 1 NaNs removed
 - dropped_v9_minimal_processing: 6 NaNs removed
 - dropped_v8_keep_hashtags: 1 NaNs removed
 - kept_v10_lemma_stem_custom_stopwords: 1 NaNs removed
 - prepended_v1_basic_clean: 1 NaNs removed
 - prepended_v4_stemmed: 1 NaNs removed
 - dropped_v5_lemma_stem: 1 NaNs removed

🔍 Tuning hyperparameters for: PassiveAggressive...
Fitting 5 folds for each of 672 candidates, totalling 3360 fits

✅ Best Params for PassiveAggressive: {'clf__C': 0.01, 'clf__average': False, 'clf__early_stopping': True, 'clf__loss': 'squared_hinge', 'clf__max_iter': 500, 'clf__tol': 1e-05, 'clf__validation_fraction': 0.1}
🏆 Best F1 Macro Score (CV): 0.7883

📊 Evaluation Report for PassiveAggressive
              precision    recall  f1-score   support

           0       0.80      0.91      0.85       855
           1       0.84      0.69      0.76       630

    accuracy                           0.81      1485
   macro avg       0.82      0.80      0.80      1485
weighted avg       0.82      0.81      0.81      1485


📦 Dataset: dropped_v9_minimal_processing (7423 samples)
  🔍 Evaluating: PassiveAggressive
📈 Plotting learning curve for PassiveAggressive on dropped_v9_minimal_processing...

🏆 Best model summary saved to performance_metrics4/dropped_v9_minimal_processing_best_model.txt

real	1m22.564s
user	27m23.523s
sys	0m39.744s
Elapsed time: 83 seconds
