Processing dataset: kept_v6_custom_stopwords

📥 Loaded 30 datasets.

⚠️ Datasets with NaNs (before cleaning):
 - kept_v3_lemmatized: 1 NaNs removed
 - dropped_v7_lowercase_words_only: 1 NaNs removed
 - dropped_v4_stemmed: 1 NaNs removed
 - dropped_v6_custom_stopwords: 5 NaNs removed
 - prepended_v6_custom_stopwords: 1 NaNs removed
 - prepended_v5_lemma_stem: 1 NaNs removed
 - kept_v6_custom_stopwords: 5 NaNs removed
 - prepended_v9_minimal_processing: 1 NaNs removed
 - kept_v8_keep_hashtags: 1 NaNs removed
 - prepended_v8_keep_hashtags: 1 NaNs removed
 - kept_v7_lowercase_words_only: 1 NaNs removed
 - kept_v1_basic_clean: 1 NaNs removed
 - kept_v2_no_emojis_mentions: 1 NaNs removed
 - prepended_v10_lemma_stem_custom_stopwords: 1 NaNs removed
 - kept_v5_lemma_stem: 1 NaNs removed
 - prepended_v3_lemmatized: 1 NaNs removed
 - dropped_v10_lemma_stem_custom_stopwords: 1 NaNs removed
 - prepended_v2_no_emojis_mentions: 1 NaNs removed
 - dropped_v1_basic_clean: 1 NaNs removed
 - kept_v4_stemmed: 1 NaNs removed
 - dropped_v3_lemmatized: 1 NaNs removed
 - dropped_v2_no_emojis_mentions: 1 NaNs removed
 - kept_v9_minimal_processing: 6 NaNs removed
 - prepended_v7_lowercase_words_only: 1 NaNs removed
 - dropped_v9_minimal_processing: 6 NaNs removed
 - dropped_v8_keep_hashtags: 1 NaNs removed
 - kept_v10_lemma_stem_custom_stopwords: 1 NaNs removed
 - prepended_v1_basic_clean: 1 NaNs removed
 - prepended_v4_stemmed: 1 NaNs removed
 - dropped_v5_lemma_stem: 1 NaNs removed

🔍 Tuning hyperparameters for: PassiveAggressive...
Fitting 5 folds for each of 672 candidates, totalling 3360 fits

✅ Best Params for PassiveAggressive: {'clf__C': 0.01, 'clf__average': False, 'clf__early_stopping': True, 'clf__loss': 'squared_hinge', 'clf__max_iter': 500, 'clf__tol': 1e-05, 'clf__validation_fraction': 0.1}
🏆 Best F1 Macro Score (CV): 0.7807

📊 Evaluation Report for PassiveAggressive
              precision    recall  f1-score   support

           0       0.80      0.87      0.84       855
           1       0.81      0.71      0.75       633

    accuracy                           0.80      1488
   macro avg       0.80      0.79      0.80      1488
weighted avg       0.80      0.80      0.80      1488


📦 Dataset: kept_v6_custom_stopwords (7439 samples)
  🔍 Evaluating: PassiveAggressive
📈 Plotting learning curve for PassiveAggressive on kept_v6_custom_stopwords...

🏆 Best model summary saved to performance_metrics4/kept_v6_custom_stopwords_best_model.txt

real	1m17.178s
user	24m15.397s
sys	0m37.006s
Elapsed time: 78 seconds
