Processing dataset: dropped_v6_custom_stopwords

📥 Loaded 30 datasets.

⚠️ Datasets with NaNs (before cleaning):
 - kept_v3_lemmatized: 1 NaNs removed
 - dropped_v7_lowercase_words_only: 1 NaNs removed
 - dropped_v4_stemmed: 1 NaNs removed
 - dropped_v6_custom_stopwords: 5 NaNs removed
 - prepended_v6_custom_stopwords: 1 NaNs removed
 - prepended_v5_lemma_stem: 1 NaNs removed
 - kept_v6_custom_stopwords: 5 NaNs removed
 - prepended_v9_minimal_processing: 1 NaNs removed
 - kept_v8_keep_hashtags: 1 NaNs removed
 - prepended_v8_keep_hashtags: 1 NaNs removed
 - kept_v7_lowercase_words_only: 1 NaNs removed
 - kept_v1_basic_clean: 1 NaNs removed
 - kept_v2_no_emojis_mentions: 1 NaNs removed
 - prepended_v10_lemma_stem_custom_stopwords: 1 NaNs removed
 - kept_v5_lemma_stem: 1 NaNs removed
 - prepended_v3_lemmatized: 1 NaNs removed
 - dropped_v10_lemma_stem_custom_stopwords: 1 NaNs removed
 - prepended_v2_no_emojis_mentions: 1 NaNs removed
 - dropped_v1_basic_clean: 1 NaNs removed
 - kept_v4_stemmed: 1 NaNs removed
 - dropped_v3_lemmatized: 1 NaNs removed
 - dropped_v2_no_emojis_mentions: 1 NaNs removed
 - kept_v9_minimal_processing: 6 NaNs removed
 - prepended_v7_lowercase_words_only: 1 NaNs removed
 - dropped_v9_minimal_processing: 6 NaNs removed
 - dropped_v8_keep_hashtags: 1 NaNs removed
 - kept_v10_lemma_stem_custom_stopwords: 1 NaNs removed
 - prepended_v1_basic_clean: 1 NaNs removed
 - prepended_v4_stemmed: 1 NaNs removed
 - dropped_v5_lemma_stem: 1 NaNs removed

🔍 Tuning hyperparameters for: PassiveAggressive...
Fitting 5 folds for each of 672 candidates, totalling 3360 fits

✅ Best Params for PassiveAggressive: {'clf__C': 0.01, 'clf__average': False, 'clf__early_stopping': True, 'clf__loss': 'squared_hinge', 'clf__max_iter': 500, 'clf__tol': 1e-05, 'clf__validation_fraction': 0.2}
🏆 Best F1 Macro Score (CV): 0.7829

📊 Evaluation Report for PassiveAggressive
              precision    recall  f1-score   support

           0       0.79      0.88      0.83       855
           1       0.81      0.69      0.74       630

    accuracy                           0.80      1485
   macro avg       0.80      0.78      0.79      1485
weighted avg       0.80      0.80      0.79      1485


📦 Dataset: dropped_v6_custom_stopwords (7424 samples)
  🔍 Evaluating: PassiveAggressive
📈 Plotting learning curve for PassiveAggressive on dropped_v6_custom_stopwords...

🏆 Best model summary saved to performance_metrics4/dropped_v6_custom_stopwords_best_model.txt

real	1m18.165s
user	23m56.704s
sys	0m35.167s
Elapsed time: 79 seconds
